Build started 3/19/2015 12:20:48 AM.
     1>Project "C:\Users\HMMS\Documents\GitHub\Thesis\KUKA LWR\vsprojects\KUKA\KUKA.vcxproj" on node 2 (Build target(s)).
     1>Link:
         C:\Program Files (x86)\Microsoft Visual Studio 12.0\VC\bin\link.exe /ERRORREPORT:PROMPT /OUT:"C:\Users\HMMS\Documents\GitHub\Thesis\KUKA LWR\vsprojects\Debug\KUKA.exe" /INCREMENTAL /NOLOGO /LIBPATH:..\..\external\boost_1_57_0\boost_1_57_0\stage\lib pthreadVC.dll LoadCell.lib ATICombinedDAQFT.lib pthreadVC.lib TypeIRML.lib FastResearchLibrary.lib pthreadVC.lib NIDAQmx.lib kernel32.lib user32.lib gdi32.lib winspool.lib comdlg32.lib advapi32.lib shell32.lib ole32.lib oleaut32.lib uuid.lib odbc32.lib odbccp32.lib kernel32.lib user32.lib gdi32.lib winspool.lib comdlg32.lib advapi32.lib shell32.lib ole32.lib oleaut32.lib uuid.lib odbc32.lib odbccp32.lib /MANIFEST /MANIFESTUAC:"level='asInvoker' uiAccess='false'" /manifest:embed /DEBUG /PDB:"C:\Users\HMMS\Documents\GitHub\Thesis\KUKA LWR\vsprojects\Debug\KUKA.pdb" /SUBSYSTEM:CONSOLE /TLBID:1 /DYNAMICBASE /NXCOMPAT /IMPLIB:"C:\Users\HMMS\Documents\GitHub\Thesis\KUKA LWR\vsprojects\Debug\KUKA.lib" /MACHINE:X86 /ignore:4099 /NODEFAULTLIB:library /LTCG Debug\execute.obj
         Debug\LWR.obj
         Debug\LWRLogParser.obj
         Debug\LWRTest.obj
         Debug\utils.obj
     1>LINK : warning LNK4075: ignoring '/INCREMENTAL' due to '/LTCG' specification
     1>..\..\external\FRILibrary\Windows\pthread\Debug\pthreadVC.dll : fatal error LNK1107: invalid or corrupt file: cannot read at 0x2E0
     1>Done Building Project "C:\Users\HMMS\Documents\GitHub\Thesis\KUKA LWR\vsprojects\KUKA\KUKA.vcxproj" (Build target(s)) -- FAILED.

Build FAILED.

Time Elapsed 00:00:00.21
